# JRE version: OpenJDK Runtime Environment (21.0.6) (build 21.0.6+-13391695-b895.109)
# Java VM: OpenJDK 64-Bit Server VM (21.0.6+-13391695-b895.109, mixed mode, tiered, compressed oops, compressed class ptrs, g1 gc, windows-amd64)
GC Precious Log:
 CardTable entry size: 512
 Card Set container configuration: InlinePtr #cards 5 size 8 Array Of Cards #cards 12 size 40 Howl #buckets 4 coarsen threshold 1843 Howl Bitmap #cards 512 size 80 coarsen threshold 460 Card regions per heap region 1 cards per card region 2048
 CPUs: 8 total, 8 available
 Memory: 8050M
 Large Page Support: Disabled
 NUMA Support: Disabled
 Compressed Oops: Enabled (32-bit)
 Heap Region Size: 1M
 Heap Min Capacity: 8M
 Heap Initial Capacity: 126M
 Heap Max Capacity: 2G
 Pre-touch: Disabled
 Parallel Workers: 8
 Concurrent Workers: 2
 Concurrent Refinement Workers: 8
 Periodic GC: Disabled
Heap:
 garbage-first heap   total 475136K, used 313072K [0x0000000080000000, 0x0000000100000000)
  region size 1024K, 19 young (19456K), 4 survivors (4096K)
 Metaspace       used 189099K, committed 190912K, reserved 1245184K
  class space    used 24495K, committed 25408K, reserved 1048576K
GC Heap History (20 events):
Event: 4583.561 GC heap before
{Heap before GC invocations=91 (full 1):
 garbage-first heap   total 427008K, used 135453K [0x0000000080000000, 0x0000000100000000)
  region size 1024K, 12 young (12288K), 0 survivors (0K)
 Metaspace       used 164447K, committed 167040K, reserved 1245184K
  class space    used 21602K, committed 22912K, reserved 1048576K
}
Event: 4583.570 GC heap after
{Heap after GC invocations=92 (full 1):
 garbage-first heap   total 427008K, used 127021K [0x0000000080000000, 0x0000000100000000)
  region size 1024K, 3 young (3072K), 3 survivors (3072K)
 Metaspace       used 164447K, committed 167040K, reserved 1245184K
  class space    used 21602K, committed 22912K, reserved 1048576K
}
Event: 4590.614 GC heap before
{Heap before GC invocations=93 (full 1):
 garbage-first heap   total 427008K, used 416813K [0x0000000080000000, 0x0000000100000000)
  region size 1024K, 250 young (256000K), 3 survivors (3072K)
 Metaspace       used 167964K, committed 169792K, reserved 1245184K
  class space    used 21861K, committed 22976K, reserved 1048576K
}
Event: 4590.659 GC heap after
{Heap after GC invocations=94 (full 1):
 garbage-first heap   total 441344K, used 181505K [0x0000000080000000, 0x0000000100000000)
  region size 1024K, 19 young (19456K), 19 survivors (19456K)
 Metaspace       used 167964K, committed 169792K, reserved 1245184K
  class space    used 21861K, committed 22976K, reserved 1048576K
}
Event: 4598.485 GC heap before
{Heap before GC invocations=94 (full 1):
 garbage-first heap   total 441344K, used 402689K [0x0000000080000000, 0x0000000100000000)
  region size 1024K, 227 young (232448K), 19 survivors (19456K)
 Metaspace       used 178163K, committed 179712K, reserved 1245184K
  class space    used 23268K, committed 24064K, reserved 1048576K
}
Event: 4598.525 GC heap after
{Heap after GC invocations=95 (full 1):
 garbage-first heap   total 441344K, used 204210K [0x0000000080000000, 0x0000000100000000)
  region size 1024K, 18 young (18432K), 18 survivors (18432K)
 Metaspace       used 178163K, committed 179712K, reserved 1245184K
  class space    used 23268K, committed 24064K, reserved 1048576K
}
Event: 4600.106 GC heap before
{Heap before GC invocations=95 (full 1):
 garbage-first heap   total 441344K, used 272818K [0x0000000080000000, 0x0000000100000000)
  region size 1024K, 85 young (87040K), 18 survivors (18432K)
 Metaspace       used 178186K, committed 179776K, reserved 1245184K
  class space    used 23272K, committed 24064K, reserved 1048576K
}
Event: 4600.132 GC heap after
{Heap after GC invocations=96 (full 1):
 garbage-first heap   total 441344K, used 207210K [0x0000000080000000, 0x0000000100000000)
  region size 1024K, 5 young (5120K), 5 survivors (5120K)
 Metaspace       used 178186K, committed 179776K, reserved 1245184K
  class space    used 23272K, committed 24064K, reserved 1048576K
}
Event: 4605.410 GC heap before
{Heap before GC invocations=96 (full 1):
 garbage-first heap   total 441344K, used 402794K [0x0000000080000000, 0x0000000100000000)
  region size 1024K, 195 young (199680K), 5 survivors (5120K)
 Metaspace       used 182191K, committed 183744K, reserved 1245184K
  class space    used 23712K, committed 24512K, reserved 1048576K
}
Event: 4605.428 GC heap after
{Heap after GC invocations=97 (full 1):
 garbage-first heap   total 441344K, used 212944K [0x0000000080000000, 0x0000000100000000)
  region size 1024K, 12 young (12288K), 12 survivors (12288K)
 Metaspace       used 182191K, committed 183744K, reserved 1245184K
  class space    used 23712K, committed 24512K, reserved 1048576K
}
Event: 4610.292 GC heap before
{Heap before GC invocations=97 (full 1):
 garbage-first heap   total 441344K, used 401360K [0x0000000080000000, 0x0000000100000000)
  region size 1024K, 197 young (201728K), 12 survivors (12288K)
 Metaspace       used 188691K, committed 190400K, reserved 1245184K
  class space    used 24482K, committed 25344K, reserved 1048576K
}
Event: 4610.328 GC heap after
{Heap after GC invocations=98 (full 1):
 garbage-first heap   total 441344K, used 226105K [0x0000000080000000, 0x0000000100000000)
  region size 1024K, 25 young (25600K), 25 survivors (25600K)
 Metaspace       used 188691K, committed 190400K, reserved 1245184K
  class space    used 24482K, committed 25344K, reserved 1048576K
}
Event: 5614.917 GC heap before
{Heap before GC invocations=98 (full 1):
 garbage-first heap   total 441344K, used 388921K [0x0000000080000000, 0x0000000100000000)
  region size 1024K, 185 young (189440K), 25 survivors (25600K)
 Metaspace       used 189003K, committed 190784K, reserved 1245184K
  class space    used 24520K, committed 25408K, reserved 1048576K
}
Event: 5615.050 GC heap after
{Heap after GC invocations=99 (full 1):
 garbage-first heap   total 441344K, used 233205K [0x0000000080000000, 0x0000000100000000)
  region size 1024K, 6 young (6144K), 6 survivors (6144K)
 Metaspace       used 189003K, committed 190784K, reserved 1245184K
  class space    used 24520K, committed 25408K, reserved 1048576K
}
Event: 5617.271 GC heap before
{Heap before GC invocations=100 (full 1):
 garbage-first heap   total 441344K, used 406261K [0x0000000080000000, 0x0000000100000000)
  region size 1024K, 175 young (179200K), 6 survivors (6144K)
 Metaspace       used 188994K, committed 190848K, reserved 1245184K
  class space    used 24492K, committed 25408K, reserved 1048576K
}
Event: 5617.299 GC heap after
{Heap after GC invocations=101 (full 1):
 garbage-first heap   total 441344K, used 244981K [0x0000000080000000, 0x0000000100000000)
  region size 1024K, 17 young (17408K), 17 survivors (17408K)
 Metaspace       used 188994K, committed 190848K, reserved 1245184K
  class space    used 24492K, committed 25408K, reserved 1048576K
}
Event: 5622.589 GC heap before
{Heap before GC invocations=101 (full 1):
 garbage-first heap   total 441344K, used 406773K [0x0000000080000000, 0x0000000100000000)
  region size 1024K, 167 young (171008K), 17 survivors (17408K)
 Metaspace       used 189075K, committed 190912K, reserved 1245184K
  class space    used 24495K, committed 25408K, reserved 1048576K
}
Event: 5622.674 GC heap after
{Heap after GC invocations=102 (full 1):
 garbage-first heap   total 475136K, used 285873K [0x0000000080000000, 0x0000000100000000)
  region size 1024K, 21 young (21504K), 21 survivors (21504K)
 Metaspace       used 189075K, committed 190912K, reserved 1245184K
  class space    used 24495K, committed 25408K, reserved 1048576K
}
Event: 5623.923 GC heap before
{Heap before GC invocations=102 (full 1):
 garbage-first heap   total 475136K, used 297137K [0x0000000080000000, 0x0000000100000000)
  region size 1024K, 33 young (33792K), 21 survivors (21504K)
 Metaspace       used 189081K, committed 190912K, reserved 1245184K
  class space    used 24495K, committed 25408K, reserved 1048576K
}
Event: 5623.947 GC heap after
{Heap after GC invocations=103 (full 1):
 garbage-first heap   total 475136K, used 291568K [0x0000000080000000, 0x0000000100000000)
  region size 1024K, 4 young (4096K), 4 survivors (4096K)
 Metaspace       used 189081K, committed 190912K, reserved 1245184K
  class space    used 24495K, committed 25408K, reserved 1048576K
}

