# JRE version: OpenJDK Runtime Environment (21.0.6) (build 21.0.6+-13391695-b895.109)
# Java VM: OpenJDK 64-Bit Server VM (21.0.6+-13391695-b895.109, mixed mode, tiered, compressed oops, compressed class ptrs, g1 gc, windows-amd64)
GC Precious Log:
 CardTable entry size: 512
 Card Set container configuration: InlinePtr #cards 5 size 8 Array Of Cards #cards 12 size 40 Howl #buckets 4 coarsen threshold 1843 Howl Bitmap #cards 512 size 80 coarsen threshold 460 Card regions per heap region 1 cards per card region 2048
 CPUs: 8 total, 8 available
 Memory: 8050M
 Large Page Support: Disabled
 NUMA Support: Disabled
 Compressed Oops: Enabled (32-bit)
 Heap Region Size: 1M
 Heap Min Capacity: 8M
 Heap Initial Capacity: 126M
 Heap Max Capacity: 2G
 Pre-touch: Disabled
 Parallel Workers: 8
 Concurrent Workers: 2
 Concurrent Refinement Workers: 8
 Periodic GC: Disabled
Heap:
 garbage-first heap   total 68608K, used 44860K [0x0000000080000000, 0x0000000100000000)
  region size 1024K, 24 young (24576K), 4 survivors (4096K)
 Metaspace       used 38662K, committed 39680K, reserved 1114112K
  class space    used 5258K, committed 5760K, reserved 1048576K
GC Heap History (14 events):
Event: 0.909 GC heap before
{Heap before GC invocations=0 (full 0):
 garbage-first heap   total 129024K, used 23552K [0x0000000080000000, 0x0000000100000000)
  region size 1024K, 23 young (23552K), 0 survivors (0K)
 Metaspace       used 7975K, committed 8128K, reserved 1114112K
  class space    used 709K, committed 768K, reserved 1048576K
}
Event: 0.913 GC heap after
{Heap after GC invocations=1 (full 0):
 garbage-first heap   total 129024K, used 2730K [0x0000000080000000, 0x0000000100000000)
  region size 1024K, 3 young (3072K), 3 survivors (3072K)
 Metaspace       used 7975K, committed 8128K, reserved 1114112K
  class space    used 709K, committed 768K, reserved 1048576K
}
Event: 1.856 GC heap before
{Heap before GC invocations=1 (full 0):
 garbage-first heap   total 129024K, used 40618K [0x0000000080000000, 0x0000000100000000)
  region size 1024K, 38 young (38912K), 3 survivors (3072K)
 Metaspace       used 12179K, committed 12352K, reserved 1114112K
  class space    used 1286K, committed 1344K, reserved 1048576K
}
Event: 1.865 GC heap after
{Heap after GC invocations=2 (full 0):
 garbage-first heap   total 129024K, used 10659K [0x0000000080000000, 0x0000000100000000)
  region size 1024K, 5 young (5120K), 5 survivors (5120K)
 Metaspace       used 12179K, committed 12352K, reserved 1114112K
  class space    used 1286K, committed 1344K, reserved 1048576K
}
Event: 2.786 GC heap before
{Heap before GC invocations=2 (full 0):
 garbage-first heap   total 129024K, used 60835K [0x0000000080000000, 0x0000000100000000)
  region size 1024K, 52 young (53248K), 5 survivors (5120K)
 Metaspace       used 14724K, committed 14976K, reserved 1114112K
  class space    used 1609K, committed 1728K, reserved 1048576K
}
Event: 2.798 GC heap after
{Heap after GC invocations=3 (full 0):
 garbage-first heap   total 129024K, used 17550K [0x0000000080000000, 0x0000000100000000)
  region size 1024K, 6 young (6144K), 6 survivors (6144K)
 Metaspace       used 14724K, committed 14976K, reserved 1114112K
  class space    used 1609K, committed 1728K, reserved 1048576K
}
Event: 3.883 GC heap before
{Heap before GC invocations=3 (full 0):
 garbage-first heap   total 129024K, used 41102K [0x0000000080000000, 0x0000000100000000)
  region size 1024K, 30 young (30720K), 6 survivors (6144K)
 Metaspace       used 21139K, committed 21504K, reserved 1114112K
  class space    used 2439K, committed 2624K, reserved 1048576K
}
Event: 3.890 GC heap after
{Heap after GC invocations=4 (full 0):
 garbage-first heap   total 129024K, used 19965K [0x0000000080000000, 0x0000000100000000)
  region size 1024K, 3 young (3072K), 3 survivors (3072K)
 Metaspace       used 21139K, committed 21504K, reserved 1114112K
  class space    used 2439K, committed 2624K, reserved 1048576K
}
Event: 4.885 GC heap before
{Heap before GC invocations=5 (full 0):
 garbage-first heap   total 68608K, used 56829K [0x0000000080000000, 0x0000000100000000)
  region size 1024K, 40 young (40960K), 3 survivors (3072K)
 Metaspace       used 27576K, committed 28096K, reserved 1114112K
  class space    used 3418K, committed 3648K, reserved 1048576K
}
Event: 4.890 GC heap after
{Heap after GC invocations=6 (full 0):
 garbage-first heap   total 68608K, used 21572K [0x0000000080000000, 0x0000000100000000)
  region size 1024K, 5 young (5120K), 5 survivors (5120K)
 Metaspace       used 27576K, committed 28096K, reserved 1114112K
  class space    used 3418K, committed 3648K, reserved 1048576K
}
Event: 5.987 GC heap before
{Heap before GC invocations=6 (full 0):
 garbage-first heap   total 68608K, used 53316K [0x0000000080000000, 0x0000000100000000)
  region size 1024K, 37 young (37888K), 5 survivors (5120K)
 Metaspace       used 31804K, committed 32512K, reserved 1114112K
  class space    used 4152K, committed 4480K, reserved 1048576K
}
Event: 5.993 GC heap after
{Heap after GC invocations=7 (full 0):
 garbage-first heap   total 68608K, used 23892K [0x0000000080000000, 0x0000000100000000)
  region size 1024K, 5 young (5120K), 5 survivors (5120K)
 Metaspace       used 31804K, committed 32512K, reserved 1114112K
  class space    used 4152K, committed 4480K, reserved 1048576K
}
Event: 6.570 GC heap before
{Heap before GC invocations=7 (full 0):
 garbage-first heap   total 68608K, used 46420K [0x0000000080000000, 0x0000000100000000)
  region size 1024K, 29 young (29696K), 5 survivors (5120K)
 Metaspace       used 35294K, committed 36096K, reserved 1114112K
  class space    used 4710K, committed 5120K, reserved 1048576K
}
Event: 6.576 GC heap after
{Heap after GC invocations=8 (full 0):
 garbage-first heap   total 68608K, used 25404K [0x0000000080000000, 0x0000000100000000)
  region size 1024K, 4 young (4096K), 4 survivors (4096K)
 Metaspace       used 35294K, committed 36096K, reserved 1114112K
  class space    used 4710K, committed 5120K, reserved 1048576K
}

